Removed Pin From Net: NetName=3v3 Pin=U2-1
Removed Pin From Net: NetName=PF0 Pin=U2-2
Removed Pin From Net: NetName=PF1 Pin=U2-3
Removed Pin From Net: NetName=Reset Pin=U2-4
Removed Pin From Net: NetName=3v3 Pin=U2-5
Removed Pin From Net: NetName=GND Pin=U2-16
Removed Pin From Net: NetName=3v3 Pin=U2-17
Removed Pin From Net: NetName=NetR1_2 Pin=U2-31
Removed Pin From Net: NetName=GND Pin=U2-32
Removed Member From Class: ClassName=Dot_Matrix Member=U2
Added Component: Designator=U?(QFP50P900X900X160-48N)
Add component (AddParameter): Name = "Availability"; Value = "Unavailable"; VariantName = "[No Variations]"
Add component (AddParameter): Name = "MF"; Value = ""; VariantName = "[No Variations]"
Add component (AddParameter): Name = "MP"; Value = "STM32F030C8T6"; VariantName = "[No Variations]"
Add component (AddParameter): Name = "Package"; Value = "None"; VariantName = "[No Variations]"
Add component (AddParameter): Name = "Price"; Value = "None"; VariantName = "[No Variations]"
Add component (AddParameter): Name = "Value"; Value = ""; VariantName = "[No Variations]"
Added Pin To Net: NetName=3v3 Pin=U?-1
Added Pin To Net: NetName=PF0 Pin=U?-5
Added Pin To Net: NetName=PF1 Pin=U?-6
Added Pin To Net: NetName=Reset Pin=U?-7
Added Pin To Net: NetName=GND Pin=U?-8
Added Pin To Net: NetName=3v3 Pin=U?-9
Added Pin To Net: NetName=GND Pin=U?-23
Added Pin To Net: NetName=3v3 Pin=U?-24
Added Pin To Net: NetName=NetR1_2 Pin=U?-44
Added Pin To Net: NetName=GND Pin=U?-47
Added Pin To Net: NetName=3v3 Pin=U?-48
Added Member To Class: ClassName=Dot_Matrix Member=Component J4 HDRF12
Added Member To Class: ClassName=Dot_Matrix Member=Component U? STM32F030C8T6
